<?xml version="1.0" encoding="UTF-8"?>
<!-- Generated by org.testng.reporters.JUnitXMLReporter -->
<testsuite hostname="DESKTOP-MHHTVC8" ignored="0" name="Test" tests="11" failures="0" timestamp="16 Jan 2019 07:54:16 GMT" time="6.387" errors="0">
  <testcase name="@BeforeTest setUpDriver" time="6.283" classname="example.AddOrderSet">
    <failure type="org.openqa.selenium.NoSuchWindowException" message="no such window: target window already closed
from unknown error: web view not found
  (Session info: chrome=71.0.3578.98)
  (Driver info: chromedriver=2.43.600210 (68dcf5eebde37173d4027fa8635e332711d2874a),platform=Windows NT 10.0.17763 x86_64) (WARNING: The server did not provide any stacktrace information)
Command duration or timeout: 0 milliseconds
Build info: version: &amp;apos;3.141.5&amp;apos;, revision: &amp;apos;d54ebd709a&amp;apos;, time: &amp;apos;2018-11-06T11:42:16&amp;apos;
System info: host: &amp;apos;DESKTOP-MHHTVC8&amp;apos;, ip: &amp;apos;192.168.0.109&amp;apos;, os.name: &amp;apos;Windows 10&amp;apos;, os.arch: &amp;apos;amd64&amp;apos;, os.version: &amp;apos;10.0&amp;apos;, java.version: &amp;apos;1.8.0_191&amp;apos;
Driver info: org.openqa.selenium.chrome.ChromeDriver
Capabilities {acceptInsecureCerts: false, acceptSslCerts: false, applicationCacheEnabled: false, browserConnectionEnabled: false, browserName: chrome, chrome: {chromedriverVersion: 2.43.600210 (68dcf5eebde371..., userDataDir: C:\Users\Akshay\AppData\Loc...}, cssSelectorsEnabled: true, databaseEnabled: false, goog:chromeOptions: {debuggerAddress: localhost:55346}, handlesAlerts: true, hasTouchScreen: false, javascriptEnabled: true, locationContextEnabled: true, mobileEmulationEnabled: false, nativeEvents: true, networkConnectionEnabled: false, pageLoadStrategy: normal, platform: XP, platformName: XP, rotatable: false, setWindowRect: true, takesHeapSnapshot: true, takesScreenshot: true, unexpectedAlertBehaviour: , unhandledPromptBehavior: , version: 71.0.3578.98, webStorageEnabled: true}
Session ID: cf05403155bcf582431fc591a6c8ee10">
      <![CDATA[org.openqa.selenium.NoSuchWindowException: no such window: target window already closed
from unknown error: web view not found
  (Session info: chrome=71.0.3578.98)
  (Driver info: chromedriver=2.43.600210 (68dcf5eebde37173d4027fa8635e332711d2874a),platform=Windows NT 10.0.17763 x86_64) (WARNING: The server did not provide any stacktrace information)
Command duration or timeout: 0 milliseconds
Build info: version: '3.141.5', revision: 'd54ebd709a', time: '2018-11-06T11:42:16'
System info: host: 'DESKTOP-MHHTVC8', ip: '192.168.0.109', os.name: 'Windows 10', os.arch: 'amd64', os.version: '10.0', java.version: '1.8.0_191'
Driver info: org.openqa.selenium.chrome.ChromeDriver
Capabilities {acceptInsecureCerts: false, acceptSslCerts: false, applicationCacheEnabled: false, browserConnectionEnabled: false, browserName: chrome, chrome: {chromedriverVersion: 2.43.600210 (68dcf5eebde371..., userDataDir: C:\Users\Akshay\AppData\Loc...}, cssSelectorsEnabled: true, databaseEnabled: false, goog:chromeOptions: {debuggerAddress: localhost:55346}, handlesAlerts: true, hasTouchScreen: false, javascriptEnabled: true, locationContextEnabled: true, mobileEmulationEnabled: false, nativeEvents: true, networkConnectionEnabled: false, pageLoadStrategy: normal, platform: XP, platformName: XP, rotatable: false, setWindowRect: true, takesHeapSnapshot: true, takesScreenshot: true, unexpectedAlertBehaviour: , unhandledPromptBehavior: , version: 71.0.3578.98, webStorageEnabled: true}
Session ID: cf05403155bcf582431fc591a6c8ee10
at org.openqa.selenium.remote.ErrorHandler.createThrowable(ErrorHandler.java:214)
at org.openqa.selenium.remote.ErrorHandler.throwIfResponseFailed(ErrorHandler.java:166)
at org.openqa.selenium.remote.http.JsonHttpResponseCodec.reconstructValue(JsonHttpResponseCodec.java:40)
at org.openqa.selenium.remote.http.AbstractHttpResponseCodec.decode(AbstractHttpResponseCodec.java:80)
at org.openqa.selenium.remote.http.AbstractHttpResponseCodec.decode(AbstractHttpResponseCodec.java:44)
at org.openqa.selenium.remote.HttpCommandExecutor.execute(HttpCommandExecutor.java:158)
at org.openqa.selenium.remote.service.DriverCommandExecutor.execute(DriverCommandExecutor.java:83)
at org.openqa.selenium.remote.RemoteWebDriver.execute(RemoteWebDriver.java:552)
at org.openqa.selenium.remote.RemoteWebDriver.execute(RemoteWebDriver.java:609)
at org.openqa.selenium.remote.RemoteWebDriver.getTitle(RemoteWebDriver.java:281)
at localutility.BrowserFactory.startBrowser(BrowserFactory.java:32)
at example.AddOrderSet.setUpDriver(AddOrderSet.java:27)
... Removed 28 stack frames]]>
    </failure>
  </testcase> <!-- @BeforeTest setUpDriver -->
  <testcase name="@BeforeTest createReportSetup" time="0.0" classname="localutility.ExecutionReport">
    <skipped/>
  </testcase> <!-- @BeforeTest createReportSetup -->
  <testcase name="@BeforeTest setUpDriver" time="0.0" classname="example.NewTest">
    <skipped/>
  </testcase> <!-- @BeforeTest setUpDriver -->
  <testcase name="@BeforeTest setUpDriver" time="0.0" classname="testCases.VerifyLoginLogoutRadiologist">
    <skipped/>
  </testcase> <!-- @BeforeTest setUpDriver -->
  <testcase name="@BeforeTest setUpDriver" time="0.0" classname="testCases.CVLoginLogout">
    <skipped/>
  </testcase> <!-- @BeforeTest setUpDriver -->
  <testcase name="@AfterMethod tearDown" time="0.0" classname="testCases.CVLoginLogout">
    <skipped/>
  </testcase> <!-- @AfterMethod tearDown -->
  <testcase name="@BeforeMethod setUp" time="0.0" classname="testCases.RegisterNewMalaysianPatientMedcare">
    <skipped/>
  </testcase> <!-- @BeforeMethod setUp -->
  <testcase name="@AfterMethod tearDown" time="0.0" classname="testCases.RegisterNewMalaysianPatientMedcare">
    <skipped/>
  </testcase> <!-- @AfterMethod tearDown -->
  <testcase name="@BeforeMethod setUp" time="0.0" classname="testCases.google">
    <skipped/>
  </testcase> <!-- @BeforeMethod setUp -->
  <testcase name="@AfterMethod tearDown" time="0.0" classname="testCases.google">
    <skipped/>
  </testcase> <!-- @AfterMethod tearDown -->
  <testcase name="@BeforeMethod register" time="0.0" classname="localutility.ExecutionReport">
    <skipped/>
  </testcase> <!-- @BeforeMethod register -->
  <testcase name="@AfterMethod generateReportLog" time="0.0" classname="localutility.ExecutionReport">
    <skipped/>
  </testcase> <!-- @AfterMethod generateReportLog -->
  <testcase name="@BeforeMethod setUp" time="0.0" classname="testCases.Try">
    <skipped/>
  </testcase> <!-- @BeforeMethod setUp -->
  <testcase name="@AfterMethod tearDown" time="0.0" classname="testCases.Try">
    <skipped/>
  </testcase> <!-- @AfterMethod tearDown -->
  <testcase name="@BeforeMethod setUp" time="0.0" classname="testCases.login">
    <skipped/>
  </testcase> <!-- @BeforeMethod setUp -->
  <testcase name="@AfterMethod tearDown" time="0.0" classname="testCases.login">
    <skipped/>
  </testcase> <!-- @AfterMethod tearDown -->
  <testcase name="@BeforeMethod setUp" time="0.0" classname="testCases.clinicarelogin">
    <skipped/>
  </testcase> <!-- @BeforeMethod setUp -->
  <testcase name="@AfterMethod tearDown" time="0.0" classname="testCases.clinicarelogin">
    <skipped/>
  </testcase> <!-- @AfterMethod tearDown -->
  <testcase name="@BeforeMethod register" time="0.0" classname="localutility.ExecutionReport">
    <skipped/>
  </testcase> <!-- @BeforeMethod register -->
  <testcase name="@AfterMethod generateReportLog" time="0.0" classname="localutility.ExecutionReport">
    <skipped/>
  </testcase> <!-- @AfterMethod generateReportLog -->
  <testcase name="@AfterTest closeBrwoser" time="0.0" classname="example.NewTest">
    <skipped/>
  </testcase> <!-- @AfterTest closeBrwoser -->
  <testcase name="@AfterTest cleanup" time="0.0" classname="localutility.ExecutionReport">
    <skipped/>
  </testcase> <!-- @AfterTest cleanup -->
  <testcase name="@AfterTest closeBrwoser" time="0.0" classname="testCases.VerifyLoginLogoutRadiologist">
    <skipped/>
  </testcase> <!-- @AfterTest closeBrwoser -->
  <testcase name="CVLoginLogout" time="0.0" classname="testCases.CVLoginLogout">
    <skipped/>
  </testcase> <!-- CVLoginLogout -->
  <testcase name="RegisterNewMalaysianPatientMedcare" time="0.0" classname="testCases.RegisterNewMalaysianPatientMedcare">
    <skipped/>
  </testcase> <!-- RegisterNewMalaysianPatientMedcare -->
  <testcase name="google" time="0.0" classname="testCases.google">
    <skipped/>
  </testcase> <!-- google -->
  <testcase name="login" time="0.0" classname="example.NewTest">
    <skipped/>
  </testcase> <!-- login -->
  <testcase name="sss" time="0.0" classname="testCases.Try">
    <skipped/>
  </testcase> <!-- sss -->
  <testcase name="login" time="0.0" classname="testCases.VerifyLoginLogoutRadiologist">
    <skipped/>
  </testcase> <!-- login -->
  <testcase name="login" time="0.0" classname="example.AddOrderSet">
    <skipped/>
  </testcase> <!-- login -->
  <testcase name="login" time="0.0" classname="testCases.login">
    <skipped/>
  </testcase> <!-- login -->
  <testcase name="clinicarelogin" time="0.0" classname="testCases.clinicarelogin">
    <skipped/>
  </testcase> <!-- clinicarelogin -->
  <testcase name="logout" time="0.0" classname="example.NewTest">
    <skipped/>
  </testcase> <!-- logout -->
  <testcase name="logout" time="0.0" classname="testCases.VerifyLoginLogoutRadiologist">
    <skipped/>
  </testcase> <!-- logout -->
</testsuite> <!-- Test -->
